{"contracts/ERC20PresetMinterRebaser.sol":{"l":{"16":3,"17":3,"18":3},"path":"/home/yoav/Desktop/deflationary_token/contracts/ERC20PresetMinterRebaser.sol","s":{"1":3,"2":3,"3":3},"b":{},"f":{"1":3},"fnMap":{"1":{"name":"constructor","line":14,"loc":{"start":{"line":14,"column":4},"end":{"line":19,"column":4}}}},"statementMap":{"1":{"start":{"line":16,"column":8},"end":{"line":16,"column":51}},"2":{"start":{"line":17,"column":8},"end":{"line":17,"column":44}},"3":{"start":{"line":18,"column":8},"end":{"line":18,"column":45}}},"branchMap":{}},"contracts/interfaces/INeuron.sol":{"l":{},"path":"/home/yoav/Desktop/deflationary_token/contracts/interfaces/INeuron.sol","s":{},"b":{},"f":{},"fnMap":{},"statementMap":{},"branchMap":{}},"contracts/Neuron.sol":{"l":{"53":0,"54":0,"55":0,"59":3,"60":3,"61":3,"62":3,"64":3,"70":1,"74":4},"path":"/home/yoav/Desktop/deflationary_token/contracts/Neuron.sol","s":{"1":0,"2":0,"3":3,"4":1,"5":4},"b":{"1":[0,0],"2":[0,0]},"f":{"1":0,"2":3,"3":1,"4":4},"fnMap":{"1":{"name":"validRecipient","line":52,"loc":{"start":{"line":52,"column":4},"end":{"line":56,"column":4}}},"2":{"name":"constructor","line":58,"loc":{"start":{"line":58,"column":4},"end":{"line":65,"column":4}}},"3":{"name":"fragmentToNeurons","line":69,"loc":{"start":{"line":69,"column":4},"end":{"line":71,"column":4}}},"4":{"name":"_fragmentToNeurons","line":73,"loc":{"start":{"line":73,"column":4},"end":{"line":75,"column":4}}}},"statementMap":{"1":{"start":{"line":53,"column":8},"end":{"line":53,"column":34}},"2":{"start":{"line":54,"column":8},"end":{"line":54,"column":35}},"3":{"start":{"line":64,"column":8},"end":{"line":64,"column":58}},"4":{"start":{"line":70,"column":8},"end":{"line":70,"column":40}},"5":{"start":{"line":74,"column":8},"end":{"line":74,"column":68}}},"branchMap":{"1":{"line":53,"type":"if","locations":[{"start":{"line":53,"column":8},"end":{"line":53,"column":8}},{"start":{"line":53,"column":8},"end":{"line":53,"column":8}}]},"2":{"line":54,"type":"if","locations":[{"start":{"line":54,"column":8},"end":{"line":54,"column":8}},{"start":{"line":54,"column":8},"end":{"line":54,"column":8}}]}}}}